
> @safepass-ds/react@1.0.0 build-storybook
> storybook build --output-dir /var/folders/yl/2czpzwzs6s969dzr5npx57sh0000gn/T/chromatic--13586-2p7uBilyq7qK

@storybook/cli v8.0.5

info => Cleaning outputDir: ../../../../../../../var/folders/yl/2czpzwzs6s969dzr5npx57sh0000gn/T/chromatic--13586-2p7uBilyq7qK
info => Loading presets
info => Building manager..
info => Manager built (116 ms)
info => Building preview..
WARN No story files found for the specified pattern: src/**/*.mdx
info Using tsconfig paths for react-docgen
vite v5.2.8 building for production...
transforming...
✓ 576 modules transformed.
rendering chunks...

[vite:dts] Start generate declaration files...
computing gzip size...
[vite:dts] Start rollup declaration files...
Analysis will use the bundled TypeScript version 5.4.2
[vite:dts] Declaration files built in 2319ms.

../../../../../../../var/folders/yl/2czpzwzs6s969dzr5npx57sh0000gn/T/chromatic--13586-2p7uBilyq7qK/iframe.html                                     13.11 kB │ gzip:   3.63 kB
../../../../../../../var/folders/yl/2czpzwzs6s969dzr5npx57sh0000gn/T/chromatic--13586-2p7uBilyq7qK/assets/preview-ClOUtpNd.css                     10.96 kB │ gzip:   2.84 kB
../../../../../../../var/folders/yl/2czpzwzs6s969dzr5npx57sh0000gn/T/chromatic--13586-2p7uBilyq7qK/assets/preview-B4GcaC1c.js                       0.07 kB │ gzip:   0.08 kB
../../../../../../../var/folders/yl/2czpzwzs6s969dzr5npx57sh0000gn/T/chromatic--13586-2p7uBilyq7qK/assets/preview-B8TCrncz.js                       0.14 kB │ gzip:   0.14 kB
../../../../../../../var/folders/yl/2czpzwzs6s969dzr5npx57sh0000gn/T/chromatic--13586-2p7uBilyq7qK/assets/WithTooltip-Y7J54OF7-CQt4Y-L4.js          0.41 kB │ gzip:   0.26 kB
../../../../../../../var/folders/yl/2czpzwzs6s969dzr5npx57sh0000gn/T/chromatic--13586-2p7uBilyq7qK/assets/syntaxhighlighter-JOJW2KGS-Bdzb4yF3.js    0.46 kB │ gzip:   0.30 kB
../../../../../../../var/folders/yl/2czpzwzs6s969dzr5npx57sh0000gn/T/chromatic--13586-2p7uBilyq7qK/assets/index-DSz_1G2r.js                         0.46 kB │ gzip:   0.30 kB
../../../../../../../var/folders/yl/2czpzwzs6s969dzr5npx57sh0000gn/T/chromatic--13586-2p7uBilyq7qK/assets/preview-DzbRFJg_.js                       0.64 kB │ gzip:   0.44 kB
../../../../../../../var/folders/yl/2czpzwzs6s969dzr5npx57sh0000gn/T/chromatic--13586-2p7uBilyq7qK/assets/preview-iTGUmTy2.js                       0.66 kB │ gzip:   0.43 kB
../../../../../../../var/folders/yl/2czpzwzs6s969dzr5npx57sh0000gn/T/chromatic--13586-2p7uBilyq7qK/assets/Test.stories-DoBWjRHV.js                  0.66 kB │ gzip:   0.43 kB
../../../../../../../var/folders/yl/2czpzwzs6s969dzr5npx57sh0000gn/T/chromatic--13586-2p7uBilyq7qK/assets/_commonjsHelpers-BosuxZz1.js              0.69 kB │ gzip:   0.38 kB
../../../../../../../var/folders/yl/2czpzwzs6s969dzr5npx57sh0000gn/T/chromatic--13586-2p7uBilyq7qK/assets/index-DrFu-skq.js                         0.77 kB │ gzip:   0.47 kB
../../../../../../../var/folders/yl/2czpzwzs6s969dzr5npx57sh0000gn/T/chromatic--13586-2p7uBilyq7qK/assets/preview-Cv3rAi2i.js                       0.86 kB │ gzip:   0.55 kB
../../../../../../../var/folders/yl/2czpzwzs6s969dzr5npx57sh0000gn/T/chromatic--13586-2p7uBilyq7qK/assets/jsx-runtime-CKrituN3.js                   0.92 kB │ gzip:   0.58 kB
../../../../../../../var/folders/yl/2czpzwzs6s969dzr5npx57sh0000gn/T/chromatic--13586-2p7uBilyq7qK/assets/preview-AuWD-XUY.js                       0.98 kB │ gzip:   0.60 kB
../../../../../../../var/folders/yl/2czpzwzs6s969dzr5npx57sh0000gn/T/chromatic--13586-2p7uBilyq7qK/assets/preview-DtbP2RLO.js                       1.11 kB │ gzip:   0.71 kB
../../../../../../../var/folders/yl/2czpzwzs6s969dzr5npx57sh0000gn/T/chromatic--13586-2p7uBilyq7qK/assets/Input.stories-Cx6xBwTa.js                 1.26 kB │ gzip:   0.70 kB
../../../../../../../var/folders/yl/2czpzwzs6s969dzr5npx57sh0000gn/T/chromatic--13586-2p7uBilyq7qK/assets/entry-preview-DsGzwKOa.js                 1.28 kB │ gzip:   0.74 kB
../../../../../../../var/folders/yl/2czpzwzs6s969dzr5npx57sh0000gn/T/chromatic--13586-2p7uBilyq7qK/assets/index-C0WDFGlH.js                         1.36 kB │ gzip:   0.70 kB
../../../../../../../var/folders/yl/2czpzwzs6s969dzr5npx57sh0000gn/T/chromatic--13586-2p7uBilyq7qK/assets/index-B_J8iUie.js                         2.59 kB │ gzip:   1.26 kB
../../../../../../../var/folders/yl/2czpzwzs6s969dzr5npx57sh0000gn/T/chromatic--13586-2p7uBilyq7qK/assets/preview-CwqMn10d.js                       3.19 kB │ gzip:   1.37 kB
../../../../../../../var/folders/yl/2czpzwzs6s969dzr5npx57sh0000gn/T/chromatic--13586-2p7uBilyq7qK/assets/preview-DbT1mggi.js                       3.52 kB │ gzip:   1.71 kB
../../../../../../../var/folders/yl/2czpzwzs6s969dzr5npx57sh0000gn/T/chromatic--13586-2p7uBilyq7qK/assets/iframe-owqNMm2U.js                        4.47 kB │ gzip:   1.80 kB
../../../../../../../var/folders/yl/2czpzwzs6s969dzr5npx57sh0000gn/T/chromatic--13586-2p7uBilyq7qK/assets/Button.stories-D4nYENni.js                4.61 kB │ gzip:   1.80 kB
../../../../../../../var/folders/yl/2czpzwzs6s969dzr5npx57sh0000gn/T/chromatic--13586-2p7uBilyq7qK/assets/index-CBqU2yxZ.js                         7.16 kB │ gzip:   2.91 kB
../../../../../../../var/folders/yl/2czpzwzs6s969dzr5npx57sh0000gn/T/chromatic--13586-2p7uBilyq7qK/assets/preview-BAz7FMXc.js                       7.62 kB │ gzip:   1.56 kB
../../../../../../../var/folders/yl/2czpzwzs6s969dzr5npx57sh0000gn/T/chromatic--13586-2p7uBilyq7qK/assets/preview-Db4Idchh.js                       8.11 kB │ gzip:   3.09 kB
../../../../../../../var/folders/yl/2czpzwzs6s969dzr5npx57sh0000gn/T/chromatic--13586-2p7uBilyq7qK/assets/index-DgzUl0TQ.js                        20.73 kB │ gzip:   6.85 kB
../../../../../../../var/folders/yl/2czpzwzs6s969dzr5npx57sh0000gn/T/chromatic--13586-2p7uBilyq7qK/assets/Color-RQJUDNI5-D00pEtY3.js               31.02 kB │ gzip:  11.75 kB
../../../../../../../var/folders/yl/2czpzwzs6s969dzr5npx57sh0000gn/T/chromatic--13586-2p7uBilyq7qK/assets/_getPrototype-BbLr7HsR.js                78.77 kB │ gzip:  23.61 kB
../../../../../../../var/folders/yl/2czpzwzs6s969dzr5npx57sh0000gn/T/chromatic--13586-2p7uBilyq7qK/assets/react-18-Bym-zv4b.js                    134.54 kB │ gzip:  43.45 kB
../../../../../../../var/folders/yl/2czpzwzs6s969dzr5npx57sh0000gn/T/chromatic--13586-2p7uBilyq7qK/assets/formatter-B5HCVTEV-msjHZ5Z9.js          210.83 kB │ gzip:  70.70 kB
../../../../../../../var/folders/yl/2czpzwzs6s969dzr5npx57sh0000gn/T/chromatic--13586-2p7uBilyq7qK/assets/entry-preview-docs-5bCTKVM3.js          213.51 kB │ gzip:  66.96 kB
../../../../../../../var/folders/yl/2czpzwzs6s969dzr5npx57sh0000gn/T/chromatic--13586-2p7uBilyq7qK/assets/axe-DELErydC.js                         482.70 kB │ gzip: 127.50 kB
../../../../../../../var/folders/yl/2czpzwzs6s969dzr5npx57sh0000gn/T/chromatic--13586-2p7uBilyq7qK/assets/index-2ywIqtt-.js                       582.64 kB │ gzip: 155.11 kB
../../../../../../../var/folders/yl/2czpzwzs6s969dzr5npx57sh0000gn/T/chromatic--13586-2p7uBilyq7qK/assets/DocsRenderer-K4EAMTCU-ZTbddH4K.js       582.92 kB │ gzip: 176.54 kB
✓ built in 6.60s
info => Preview built (7.51 s)
info => Output directory: /var/folders/yl/2czpzwzs6s969dzr5npx57sh0000gn/T/chromatic--13586-2p7uBilyq7qK
